<?xml version="1.0" encoding="UTF-8"?>
<!-- Generated by org.testng.reporters.JUnitReportReporter -->
<testsuite hostname="DESKTOP-8U2QFS4" failures="0" tests="1" name="Core.SeleniumFunctions" time="0.271" errors="0" timestamp="2023-01-17T17:43:10 IST" skipped="0">
  <testcase classname="Core.SeleniumFunctions" name="getApplicationURL" time="0.271"/>
  <system-out/>
</testsuite> <!-- Core.SeleniumFunctions -->
